1659773852326	geckodriver	INFO	Listening on 127.0.0.1:33883
1659773853441	mozrunner::runner	INFO	Running command: "/usr/bin/firefox" "--marionette" "-no-remote" "-profile" "/tmp/rust_mozprofilegcSXJ8"
1659773854370	Marionette	INFO	Marionette enabled
console.warn: SearchSettings: "get: No settings file exists, new profile?" (new NotFoundError("Could not open the file at /tmp/rust_mozprofilegcSXJ8/search.json.mozlz4", (void 0)))
1659773859114	Marionette	INFO	Listening on port 33071
1659773859203	RemoteAgent	WARN	TLS certificate errors will be ignored for this session
JavaScript error: resource://gre/modules/PartitioningExceptionListService.jsm, line 69: NS_ERROR_MALFORMED_URI: Component returned failure code: 0x804b000a (NS_ERROR_MALFORMED_URI) [nsIPartitioningExceptionListObserver.onExceptionListUpdate]
JavaScript error: http://truesecuritygps.net/Skins/DefaultIndex_EN/, line 396: TypeError: sel is null
JavaScript warning: http://truesecuritygps.net/js/underscore.js, line 750: unreachable code after return statement
JavaScript error: http://truesecuritygps.net/Skins/DefaultIndex_EN/, line 416: TypeError: $.browser is undefined
JavaScript error: http://truesecuritygps.net/Skins/DefaultIndex_EN/, line 416: TypeError: $.browser is undefined
JavaScript error: http://truesecuritygps.net/Skins/DefaultIndex_EN/, line 416: TypeError: $.browser is undefined
JavaScript error: http://truesecuritygps.net/Skins/DefaultIndex_EN/, line 416: TypeError: $.browser is undefined
JavaScript error: http://truesecuritygps.net/Skins/DefaultIndex_EN/, line 416: TypeError: $.browser is undefined
JavaScript error: http://truesecuritygps.net/Skins/DefaultIndex_EN/, line 416: TypeError: $.browser is undefined
JavaScript error: http://truesecuritygps.net/Skins/DefaultIndex_EN/, line 416: TypeError: $.browser is undefined
JavaScript error: http://truesecuritygps.net/Skins/DefaultIndex_EN/, line 416: TypeError: $.browser is undefined
JavaScript error: http://truesecuritygps.net/Skins/DefaultIndex_EN/, line 416: TypeError: $.browser is undefined
JavaScript error: http://truesecuritygps.net/Skins/DefaultIndex_EN/, line 416: TypeError: $.browser is undefined
JavaScript error: http://truesecuritygps.net/Skins/DefaultIndex_EN/, line 416: TypeError: $.browser is undefined
JavaScript error: http://truesecuritygps.net/Skins/DefaultIndex_EN/, line 416: TypeError: $.browser is undefined
JavaScript error: http://truesecuritygps.net/Skins/DefaultIndex_EN/, line 416: TypeError: $.browser is undefined
JavaScript error: http://truesecuritygps.net/Skins/DefaultIndex_EN/, line 416: TypeError: $.browser is undefined
JavaScript error: http://truesecuritygps.net/Skins/DefaultIndex_EN/, line 416: TypeError: $.browser is undefined
JavaScript error: http://truesecuritygps.net/Skins/DefaultIndex_EN/, line 416: TypeError: $.browser is undefined
JavaScript error: http://truesecuritygps.net/Skins/DefaultIndex_EN/, line 416: TypeError: $.browser is undefined
JavaScript error: http://truesecuritygps.net/Skins/DefaultIndex_EN/, line 416: TypeError: $.browser is undefined
JavaScript error: http://truesecuritygps.net/Skins/DefaultIndex_EN/, line 416: TypeError: $.browser is undefined
JavaScript error: http://truesecuritygps.net/Skins/DefaultIndex_EN/, line 416: TypeError: $.browser is undefined
JavaScript error: http://truesecuritygps.net/Skins/DefaultIndex_EN/, line 416: TypeError: $.browser is undefined
JavaScript error: http://truesecuritygps.net/Skins/DefaultIndex_EN/, line 416: TypeError: $.browser is undefined
JavaScript error: http://truesecuritygps.net/Skins/DefaultIndex_EN/, line 416: TypeError: $.browser is undefined
1659773883676	Marionette	WARN	Ignoring event 'DOMContentLoaded' because document has an invalid readyState of 'complete'.
JavaScript warning: http://truesecuritygps.net/js/underscore.js?v=2022.07.133.66996.008, line 750: unreachable code after return statement
JavaScript warning: http://truesecuritygps.net/js/underscore.js?v=2022.07.133.66996.008, line 750: unreachable code after return statement
1659773896712	Marionette	WARN	Ignoring event 'DOMContentLoaded' because document has an invalid readyState of 'complete'.
JavaScript warning: http://truesecuritygps.net/js/underscore.js?v=2022.07.133.66996.008, line 750: unreachable code after return statement
JavaScript warning: http://truesecuritygps.net/js/underscore.js?v=2022.07.133.66996.008, line 750: unreachable code after return statement
JavaScript warning: http://truesecuritygps.net/js/underscore.js?v=2022.07.133.66996.008, line 750: unreachable code after return statement
1659774001939	Marionette	INFO	Stopped listening on port 33071
JavaScript error: resource:///modules/Interactions.jsm, line 209: NS_ERROR_FAILURE: Component returned failure code: 0x80004005 (NS_ERROR_FAILURE) [nsIUserIdleService.removeIdleObserver]
1659774095784	geckodriver	INFO	Listening on 127.0.0.1:56309
1659774096935	mozrunner::runner	INFO	Running command: "/usr/bin/firefox" "--marionette" "-no-remote" "-profile" "/tmp/rust_mozprofile0sOV0j"
1659774097990	Marionette	INFO	Marionette enabled
console.warn: SearchSettings: "get: No settings file exists, new profile?" (new NotFoundError("Could not open the file at /tmp/rust_mozprofile0sOV0j/search.json.mozlz4", (void 0)))
1659774101833	Marionette	INFO	Listening on port 37365
1659774101899	RemoteAgent	WARN	TLS certificate errors will be ignored for this session
JavaScript error: resource://gre/modules/PartitioningExceptionListService.jsm, line 69: NS_ERROR_MALFORMED_URI: Component returned failure code: 0x804b000a (NS_ERROR_MALFORMED_URI) [nsIPartitioningExceptionListObserver.onExceptionListUpdate]
JavaScript error: http://truesecuritygps.net/Skins/DefaultIndex_EN/, line 396: TypeError: sel is null
JavaScript warning: http://truesecuritygps.net/js/underscore.js, line 750: unreachable code after return statement
JavaScript error: http://truesecuritygps.net/Skins/DefaultIndex_EN/, line 416: TypeError: $.browser is undefined
JavaScript error: http://truesecuritygps.net/Skins/DefaultIndex_EN/, line 416: TypeError: $.browser is undefined
JavaScript error: http://truesecuritygps.net/Skins/DefaultIndex_EN/, line 416: TypeError: $.browser is undefined
JavaScript error: http://truesecuritygps.net/Skins/DefaultIndex_EN/, line 416: TypeError: $.browser is undefined
JavaScript error: http://truesecuritygps.net/Skins/DefaultIndex_EN/, line 416: TypeError: $.browser is undefined
JavaScript error: http://truesecuritygps.net/Skins/DefaultIndex_EN/, line 416: TypeError: $.browser is undefined
JavaScript error: http://truesecuritygps.net/Skins/DefaultIndex_EN/, line 416: TypeError: $.browser is undefined
JavaScript error: http://truesecuritygps.net/Skins/DefaultIndex_EN/, line 416: TypeError: $.browser is undefined
JavaScript error: http://truesecuritygps.net/Skins/DefaultIndex_EN/, line 416: TypeError: $.browser is undefined
JavaScript error: http://truesecuritygps.net/Skins/DefaultIndex_EN/, line 416: TypeError: $.browser is undefined
JavaScript error: http://truesecuritygps.net/Skins/DefaultIndex_EN/, line 416: TypeError: $.browser is undefined
JavaScript error: http://truesecuritygps.net/Skins/DefaultIndex_EN/, line 416: TypeError: $.browser is undefined
JavaScript error: http://truesecuritygps.net/Skins/DefaultIndex_EN/, line 416: TypeError: $.browser is undefined
JavaScript error: http://truesecuritygps.net/Skins/DefaultIndex_EN/, line 416: TypeError: $.browser is undefined
JavaScript error: http://truesecuritygps.net/Skins/DefaultIndex_EN/, line 416: TypeError: $.browser is undefined
JavaScript error: http://truesecuritygps.net/Skins/DefaultIndex_EN/, line 416: TypeError: $.browser is undefined
JavaScript error: http://truesecuritygps.net/Skins/DefaultIndex_EN/, line 416: TypeError: $.browser is undefined
JavaScript error: http://truesecuritygps.net/Skins/DefaultIndex_EN/, line 416: TypeError: $.browser is undefined
JavaScript error: http://truesecuritygps.net/Skins/DefaultIndex_EN/, line 416: TypeError: $.browser is undefined
JavaScript error: http://truesecuritygps.net/Skins/DefaultIndex_EN/, line 416: TypeError: $.browser is undefined
JavaScript error: http://truesecuritygps.net/Skins/DefaultIndex_EN/, line 416: TypeError: $.browser is undefined
JavaScript error: http://truesecuritygps.net/Skins/DefaultIndex_EN/, line 416: TypeError: $.browser is undefined
JavaScript error: http://truesecuritygps.net/Skins/DefaultIndex_EN/, line 416: TypeError: $.browser is undefined
1659774166312	Marionette	WARN	Ignoring event 'DOMContentLoaded' because document has an invalid readyState of 'complete'.
JavaScript warning: http://truesecuritygps.net/js/underscore.js?v=2022.07.133.66996.008, line 750: unreachable code after return statement
1659774185473	Marionette	WARN	Ignoring event 'DOMContentLoaded' because document has an invalid readyState of 'complete'.
JavaScript warning: http://truesecuritygps.net/js/underscore.js?v=2022.07.133.66996.008, line 750: unreachable code after return statement
JavaScript warning: http://truesecuritygps.net/js/underscore.js?v=2022.07.133.66996.008, line 750: unreachable code after return statement
JavaScript warning: http://truesecuritygps.net/js/underscore.js?v=2022.07.133.66996.008, line 750: unreachable code after return statement
JavaScript warning: http://truesecuritygps.net/js/underscore.js?v=2022.07.133.66996.008, line 750: unreachable code after return statement
1659774371797	geckodriver	INFO	Listening on 127.0.0.1:44557
1659774373107	mozrunner::runner	INFO	Running command: "/usr/bin/firefox" "--marionette" "-no-remote" "-profile" "/tmp/rust_mozprofilefAcLw1"
1659774375462	Marionette	INFO	Stopped listening on port 37365
JavaScript error: resource:///modules/Interactions.jsm, line 209: NS_ERROR_FAILURE: Component returned failure code: 0x80004005 (NS_ERROR_FAILURE) [nsIUserIdleService.removeIdleObserver]
console.error: services.settings: 
  Message: TypeError: NetworkError when attempting to fetch resource.
console.warn: services.settings: security-state/onecrl sync interrupted by shutdown
1659774375980	Marionette	INFO	Marionette enabled
console.warn: SearchSettings: "get: No settings file exists, new profile?" (new NotFoundError("Could not open the file at /tmp/rust_mozprofilefAcLw1/search.json.mozlz4", (void 0)))
1659774379983	Marionette	INFO	Listening on port 43021
1659774380095	RemoteAgent	WARN	TLS certificate errors will be ignored for this session
JavaScript error: resource://gre/modules/PartitioningExceptionListService.jsm, line 69: NS_ERROR_MALFORMED_URI: Component returned failure code: 0x804b000a (NS_ERROR_MALFORMED_URI) [nsIPartitioningExceptionListObserver.onExceptionListUpdate]
JavaScript error: http://truesecuritygps.net/Skins/DefaultIndex_EN/, line 396: TypeError: sel is null
JavaScript warning: http://truesecuritygps.net/js/underscore.js, line 750: unreachable code after return statement
JavaScript error: http://truesecuritygps.net/Skins/DefaultIndex_EN/, line 416: TypeError: $.browser is undefined
JavaScript error: http://truesecuritygps.net/Skins/DefaultIndex_EN/, line 416: TypeError: $.browser is undefined
JavaScript error: http://truesecuritygps.net/Skins/DefaultIndex_EN/, line 416: TypeError: $.browser is undefined
JavaScript error: http://truesecuritygps.net/Skins/DefaultIndex_EN/, line 416: TypeError: $.browser is undefined
JavaScript error: http://truesecuritygps.net/Skins/DefaultIndex_EN/, line 416: TypeError: $.browser is undefined
JavaScript error: http://truesecuritygps.net/Skins/DefaultIndex_EN/, line 416: TypeError: $.browser is undefined
JavaScript error: http://truesecuritygps.net/Skins/DefaultIndex_EN/, line 416: TypeError: $.browser is undefined
JavaScript error: http://truesecuritygps.net/Skins/DefaultIndex_EN/, line 416: TypeError: $.browser is undefined
JavaScript error: http://truesecuritygps.net/Skins/DefaultIndex_EN/, line 416: TypeError: $.browser is undefined
JavaScript error: http://truesecuritygps.net/Skins/DefaultIndex_EN/, line 416: TypeError: $.browser is undefined
JavaScript error: http://truesecuritygps.net/Skins/DefaultIndex_EN/, line 416: TypeError: $.browser is undefined
JavaScript error: http://truesecuritygps.net/Skins/DefaultIndex_EN/, line 416: TypeError: $.browser is undefined
JavaScript error: http://truesecuritygps.net/Skins/DefaultIndex_EN/, line 416: TypeError: $.browser is undefined
JavaScript error: http://truesecuritygps.net/Skins/DefaultIndex_EN/, line 416: TypeError: $.browser is undefined
JavaScript error: http://truesecuritygps.net/Skins/DefaultIndex_EN/, line 416: TypeError: $.browser is undefined
JavaScript error: http://truesecuritygps.net/Skins/DefaultIndex_EN/, line 416: TypeError: $.browser is undefined
JavaScript error: http://truesecuritygps.net/Skins/DefaultIndex_EN/, line 416: TypeError: $.browser is undefined
JavaScript error: http://truesecuritygps.net/Skins/DefaultIndex_EN/, line 416: TypeError: $.browser is undefined
JavaScript error: http://truesecuritygps.net/Skins/DefaultIndex_EN/, line 416: TypeError: $.browser is undefined
JavaScript error: http://truesecuritygps.net/Skins/DefaultIndex_EN/, line 416: TypeError: $.browser is undefined
JavaScript error: http://truesecuritygps.net/Skins/DefaultIndex_EN/, line 416: TypeError: $.browser is undefined
JavaScript error: http://truesecuritygps.net/Skins/DefaultIndex_EN/, line 416: TypeError: $.browser is undefined
JavaScript error: http://truesecuritygps.net/Skins/DefaultIndex_EN/, line 416: TypeError: $.browser is undefined
1659774445236	Marionette	WARN	Ignoring event 'DOMContentLoaded' because document has an invalid readyState of 'complete'.
JavaScript warning: http://truesecuritygps.net/js/underscore.js?v=2022.07.133.66996.008, line 750: unreachable code after return statement
1659774461391	Marionette	WARN	Ignoring event 'DOMContentLoaded' because document has an invalid readyState of 'complete'.
JavaScript warning: http://truesecuritygps.net/js/underscore.js?v=2022.07.133.66996.008, line 750: unreachable code after return statement
JavaScript warning: http://truesecuritygps.net/js/underscore.js?v=2022.07.133.66996.008, line 750: unreachable code after return statement
JavaScript warning: http://truesecuritygps.net/js/underscore.js?v=2022.07.133.66996.008, line 750: unreachable code after return statement
JavaScript warning: http://truesecuritygps.net/js/underscore.js?v=2022.07.133.66996.008, line 750: unreachable code after return statement
1659774570518	geckodriver	INFO	Listening on 127.0.0.1:47347
1659774570688	mozrunner::runner	INFO	Running command: "/usr/bin/firefox" "--marionette" "-no-remote" "-profile" "/tmp/rust_mozprofilegmHMq0"
1659774571875	Marionette	INFO	Marionette enabled
console.warn: SearchSettings: "get: No settings file exists, new profile?" (new NotFoundError("Could not open the file at /tmp/rust_mozprofilegmHMq0/search.json.mozlz4", (void 0)))
1659774582733	Marionette	INFO	Listening on port 38937
1659774582931	RemoteAgent	WARN	TLS certificate errors will be ignored for this session
1659774602790	Marionette	INFO	Stopped listening on port 43021
JavaScript error: resource://gre/modules/PartitioningExceptionListService.jsm, line 69: NS_ERROR_MALFORMED_URI: Component returned failure code: 0x804b000a (NS_ERROR_MALFORMED_URI) [nsIPartitioningExceptionListObserver.onExceptionListUpdate]
JavaScript error: resource:///modules/Interactions.jsm, line 209: NS_ERROR_FAILURE: Component returned failure code: 0x80004005 (NS_ERROR_FAILURE) [nsIUserIdleService.removeIdleObserver]

###!!! [Child][RunMessage] Error: Channel closing: too late to send/recv, messages will be lost


###!!! [Child][RunMessage] Error: Channel closing: too late to send/recv, messages will be lost


###!!! [Parent][RunMessage] Error: Channel closing: too late to send/recv, messages will be lost

JavaScript error: http://truesecuritygps.net/Skins/DefaultIndex_EN/, line 396: TypeError: sel is null
JavaScript warning: http://truesecuritygps.net/js/underscore.js, line 750: unreachable code after return statement
JavaScript error: http://truesecuritygps.net/Skins/DefaultIndex_EN/, line 416: TypeError: $.browser is undefined
JavaScript error: http://truesecuritygps.net/Skins/DefaultIndex_EN/, line 416: TypeError: $.browser is undefined
JavaScript error: http://truesecuritygps.net/Skins/DefaultIndex_EN/, line 416: TypeError: $.browser is undefined
JavaScript error: http://truesecuritygps.net/Skins/DefaultIndex_EN/, line 416: TypeError: $.browser is undefined
JavaScript error: http://truesecuritygps.net/Skins/DefaultIndex_EN/, line 416: TypeError: $.browser is undefined
JavaScript error: http://truesecuritygps.net/Skins/DefaultIndex_EN/, line 416: TypeError: $.browser is undefined
JavaScript error: http://truesecuritygps.net/Skins/DefaultIndex_EN/, line 416: TypeError: $.browser is undefined
JavaScript error: http://truesecuritygps.net/Skins/DefaultIndex_EN/, line 416: TypeError: $.browser is undefined
JavaScript error: http://truesecuritygps.net/Skins/DefaultIndex_EN/, line 416: TypeError: $.browser is undefined
JavaScript error: http://truesecuritygps.net/Skins/DefaultIndex_EN/, line 416: TypeError: $.browser is undefined
JavaScript error: http://truesecuritygps.net/Skins/DefaultIndex_EN/, line 416: TypeError: $.browser is undefined
JavaScript error: http://truesecuritygps.net/Skins/DefaultIndex_EN/, line 416: TypeError: $.browser is undefined
JavaScript error: http://truesecuritygps.net/Skins/DefaultIndex_EN/, line 416: TypeError: $.browser is undefined
JavaScript error: http://truesecuritygps.net/Skins/DefaultIndex_EN/, line 416: TypeError: $.browser is undefined
JavaScript error: http://truesecuritygps.net/Skins/DefaultIndex_EN/, line 416: TypeError: $.browser is undefined
JavaScript error: http://truesecuritygps.net/Skins/DefaultIndex_EN/, line 416: TypeError: $.browser is undefined
JavaScript error: http://truesecuritygps.net/Skins/DefaultIndex_EN/, line 416: TypeError: $.browser is undefined
JavaScript error: http://truesecuritygps.net/Skins/DefaultIndex_EN/, line 416: TypeError: $.browser is undefined
JavaScript error: http://truesecuritygps.net/Skins/DefaultIndex_EN/, line 416: TypeError: $.browser is undefined
JavaScript error: http://truesecuritygps.net/Skins/DefaultIndex_EN/, line 416: TypeError: $.browser is undefined
JavaScript error: http://truesecuritygps.net/Skins/DefaultIndex_EN/, line 416: TypeError: $.browser is undefined
JavaScript error: http://truesecuritygps.net/Skins/DefaultIndex_EN/, line 416: TypeError: $.browser is undefined
JavaScript error: http://truesecuritygps.net/Skins/DefaultIndex_EN/, line 416: TypeError: $.browser is undefined
1659774669451	Marionette	WARN	Ignoring event 'DOMContentLoaded' because document has an invalid readyState of 'complete'.
JavaScript warning: http://truesecuritygps.net/js/underscore.js?v=2022.07.133.66996.008, line 750: unreachable code after return statement
1659774684148	Marionette	WARN	Ignoring event 'DOMContentLoaded' because document has an invalid readyState of 'complete'.
JavaScript warning: http://truesecuritygps.net/js/underscore.js?v=2022.07.133.66996.008, line 750: unreachable code after return statement
JavaScript warning: http://truesecuritygps.net/js/underscore.js?v=2022.07.133.66996.008, line 750: unreachable code after return statement
JavaScript warning: http://truesecuritygps.net/js/underscore.js?v=2022.07.133.66996.008, line 750: unreachable code after return statement
JavaScript warning: http://truesecuritygps.net/js/underscore.js?v=2022.07.133.66996.008, line 750: unreachable code after return statement
JavaScript warning: http://truesecuritygps.net/js/underscore.js?v=2022.07.133.66996.008, line 750: unreachable code after return statement
JavaScript warning: http://truesecuritygps.net/js/underscore.js?v=2022.07.133.66996.008, line 750: unreachable code after return statement
Exiting due to channel error.
Exiting due to channel error.
Exiting due to channel error.
1659776298827	geckodriver	INFO	Listening on 127.0.0.1:43681
1659776299921	mozrunner::runner	INFO	Running command: "/usr/bin/firefox" "--marionette" "-no-remote" "-profile" "/tmp/rust_mozprofilefEEz5F"
1659776301017	Marionette	INFO	Marionette enabled
console.warn: SearchSettings: "get: No settings file exists, new profile?" (new NotFoundError("Could not open the file at /tmp/rust_mozprofilefEEz5F/search.json.mozlz4", (void 0)))
1659776305567	Marionette	INFO	Listening on port 46347
1659776305681	RemoteAgent	WARN	TLS certificate errors will be ignored for this session
JavaScript error: resource://gre/modules/PartitioningExceptionListService.jsm, line 69: NS_ERROR_MALFORMED_URI: Component returned failure code: 0x804b000a (NS_ERROR_MALFORMED_URI) [nsIPartitioningExceptionListObserver.onExceptionListUpdate]
JavaScript error: http://truesecuritygps.net/Skins/DefaultIndex_EN/, line 396: TypeError: sel is null
JavaScript warning: http://truesecuritygps.net/js/underscore.js, line 750: unreachable code after return statement
JavaScript error: http://truesecuritygps.net/Skins/DefaultIndex_EN/, line 416: TypeError: $.browser is undefined
JavaScript error: http://truesecuritygps.net/Skins/DefaultIndex_EN/, line 416: TypeError: $.browser is undefined
JavaScript error: http://truesecuritygps.net/Skins/DefaultIndex_EN/, line 416: TypeError: $.browser is undefined
JavaScript error: http://truesecuritygps.net/Skins/DefaultIndex_EN/, line 416: TypeError: $.browser is undefined
JavaScript error: http://truesecuritygps.net/Skins/DefaultIndex_EN/, line 416: TypeError: $.browser is undefined
JavaScript error: http://truesecuritygps.net/Skins/DefaultIndex_EN/, line 416: TypeError: $.browser is undefined
JavaScript error: http://truesecuritygps.net/Skins/DefaultIndex_EN/, line 416: TypeError: $.browser is undefined
JavaScript error: http://truesecuritygps.net/Skins/DefaultIndex_EN/, line 416: TypeError: $.browser is undefined
JavaScript error: http://truesecuritygps.net/Skins/DefaultIndex_EN/, line 416: TypeError: $.browser is undefined
JavaScript error: http://truesecuritygps.net/Skins/DefaultIndex_EN/, line 416: TypeError: $.browser is undefined
JavaScript error: http://truesecuritygps.net/Skins/DefaultIndex_EN/, line 416: TypeError: $.browser is undefined
JavaScript error: http://truesecuritygps.net/Skins/DefaultIndex_EN/, line 416: TypeError: $.browser is undefined
JavaScript error: http://truesecuritygps.net/Skins/DefaultIndex_EN/, line 416: TypeError: $.browser is undefined
JavaScript error: http://truesecuritygps.net/Skins/DefaultIndex_EN/, line 416: TypeError: $.browser is undefined
JavaScript error: http://truesecuritygps.net/Skins/DefaultIndex_EN/, line 416: TypeError: $.browser is undefined
JavaScript error: http://truesecuritygps.net/Skins/DefaultIndex_EN/, line 416: TypeError: $.browser is undefined
JavaScript error: http://truesecuritygps.net/Skins/DefaultIndex_EN/, line 416: TypeError: $.browser is undefined
JavaScript error: http://truesecuritygps.net/Skins/DefaultIndex_EN/, line 416: TypeError: $.browser is undefined
JavaScript error: http://truesecuritygps.net/Skins/DefaultIndex_EN/, line 416: TypeError: $.browser is undefined
JavaScript error: http://truesecuritygps.net/Skins/DefaultIndex_EN/, line 416: TypeError: $.browser is undefined
JavaScript error: http://truesecuritygps.net/Skins/DefaultIndex_EN/, line 416: TypeError: $.browser is undefined
JavaScript error: http://truesecuritygps.net/Skins/DefaultIndex_EN/, line 416: TypeError: $.browser is undefined
JavaScript error: http://truesecuritygps.net/Skins/DefaultIndex_EN/, line 416: TypeError: $.browser is undefined
JavaScript error: http://truesecuritygps.net/Skins/DefaultIndex_EN/, line 416: TypeError: $.browser is undefined
JavaScript error: http://truesecuritygps.net/Skins/DefaultIndex_EN/, line 416: TypeError: $.browser is undefined
JavaScript error: http://truesecuritygps.net/Skins/DefaultIndex_EN/, line 416: TypeError: $.browser is undefined
1659776324366	Marionette	WARN	Ignoring event 'DOMContentLoaded' because document has an invalid readyState of 'complete'.
1659776325222	Marionette	WARN	Ignoring event 'DOMContentLoaded' because document has an invalid readyState of 'complete'.
JavaScript warning: http://truesecuritygps.net/js/underscore.js?v=2022.07.133.66996.008, line 750: unreachable code after return statement
JavaScript warning: http://truesecuritygps.net/js/underscore.js?v=2022.07.133.66996.008, line 750: unreachable code after return statement
JavaScript warning: http://truesecuritygps.net/js/underscore.js?v=2022.07.133.66996.008, line 750: unreachable code after return statement
1659776459537	geckodriver	INFO	Listening on 127.0.0.1:52109
1659776460820	mozrunner::runner	INFO	Running command: "/usr/bin/firefox" "--marionette" "-no-remote" "-profile" "/tmp/rust_mozprofilenoGqG2"
1659776463069	Marionette	INFO	Marionette enabled
console.warn: SearchSettings: "get: No settings file exists, new profile?" (new NotFoundError("Could not open the file at /tmp/rust_mozprofilenoGqG2/search.json.mozlz4", (void 0)))
1659776481435	Marionette	INFO	Listening on port 35531
1659776481544	RemoteAgent	WARN	TLS certificate errors will be ignored for this session
1659776482545	Marionette	INFO	Stopped listening on port 46347
JavaScript error: resource:///modules/Interactions.jsm, line 209: NS_ERROR_FAILURE: Component returned failure code: 0x80004005 (NS_ERROR_FAILURE) [nsIUserIdleService.removeIdleObserver]
JavaScript error: resource://gre/modules/PartitioningExceptionListService.jsm, line 69: NS_ERROR_MALFORMED_URI: Component returned failure code: 0x804b000a (NS_ERROR_MALFORMED_URI) [nsIPartitioningExceptionListObserver.onExceptionListUpdate]
JavaScript error: http://truesecuritygps.net/Skins/DefaultIndex_EN/, line 396: TypeError: sel is null
JavaScript warning: http://truesecuritygps.net/js/underscore.js, line 750: unreachable code after return statement
JavaScript error: http://truesecuritygps.net/Skins/DefaultIndex_EN/, line 416: TypeError: $.browser is undefined
JavaScript error: http://truesecuritygps.net/Skins/DefaultIndex_EN/, line 416: TypeError: $.browser is undefined
JavaScript error: http://truesecuritygps.net/Skins/DefaultIndex_EN/, line 416: TypeError: $.browser is undefined
JavaScript error: http://truesecuritygps.net/Skins/DefaultIndex_EN/, line 416: TypeError: $.browser is undefined
JavaScript error: http://truesecuritygps.net/Skins/DefaultIndex_EN/, line 416: TypeError: $.browser is undefined
JavaScript error: http://truesecuritygps.net/Skins/DefaultIndex_EN/, line 416: TypeError: $.browser is undefined
JavaScript error: http://truesecuritygps.net/Skins/DefaultIndex_EN/, line 416: TypeError: $.browser is undefined
JavaScript error: http://truesecuritygps.net/Skins/DefaultIndex_EN/, line 416: TypeError: $.browser is undefined
JavaScript error: http://truesecuritygps.net/Skins/DefaultIndex_EN/, line 416: TypeError: $.browser is undefined
JavaScript error: http://truesecuritygps.net/Skins/DefaultIndex_EN/, line 416: TypeError: $.browser is undefined
JavaScript error: http://truesecuritygps.net/Skins/DefaultIndex_EN/, line 416: TypeError: $.browser is undefined
JavaScript error: http://truesecuritygps.net/Skins/DefaultIndex_EN/, line 416: TypeError: $.browser is undefined
JavaScript error: http://truesecuritygps.net/Skins/DefaultIndex_EN/, line 416: TypeError: $.browser is undefined
JavaScript error: http://truesecuritygps.net/Skins/DefaultIndex_EN/, line 416: TypeError: $.browser is undefined
JavaScript error: http://truesecuritygps.net/Skins/DefaultIndex_EN/, line 416: TypeError: $.browser is undefined
JavaScript error: http://truesecuritygps.net/Skins/DefaultIndex_EN/, line 416: TypeError: $.browser is undefined
JavaScript error: http://truesecuritygps.net/Skins/DefaultIndex_EN/, line 416: TypeError: $.browser is undefined
JavaScript error: http://truesecuritygps.net/Skins/DefaultIndex_EN/, line 416: TypeError: $.browser is undefined
JavaScript error: http://truesecuritygps.net/Skins/DefaultIndex_EN/, line 416: TypeError: $.browser is undefined
JavaScript error: http://truesecuritygps.net/Skins/DefaultIndex_EN/, line 416: TypeError: $.browser is undefined
JavaScript error: http://truesecuritygps.net/Skins/DefaultIndex_EN/, line 416: TypeError: $.browser is undefined
JavaScript error: http://truesecuritygps.net/Skins/DefaultIndex_EN/, line 416: TypeError: $.browser is undefined
JavaScript error: http://truesecuritygps.net/Skins/DefaultIndex_EN/, line 416: TypeError: $.browser is undefined
JavaScript error: http://truesecuritygps.net/Skins/DefaultIndex_EN/, line 416: TypeError: $.browser is undefined
JavaScript error: http://truesecuritygps.net/Skins/DefaultIndex_EN/, line 416: TypeError: $.browser is undefined
JavaScript error: http://truesecuritygps.net/Skins/DefaultIndex_EN/, line 416: TypeError: $.browser is undefined
1659776500536	Marionette	WARN	Ignoring event 'DOMContentLoaded' because document has an invalid readyState of 'complete'.
1659776501116	Marionette	WARN	Ignoring event 'DOMContentLoaded' because document has an invalid readyState of 'complete'.
JavaScript warning: http://truesecuritygps.net/js/underscore.js?v=2022.07.133.66996.008, line 750: unreachable code after return statement
JavaScript warning: http://truesecuritygps.net/js/underscore.js?v=2022.07.133.66996.008, line 750: unreachable code after return statement
JavaScript warning: http://truesecuritygps.net/js/underscore.js?v=2022.07.133.66996.008, line 750: unreachable code after return statement
Exiting due to channel error.
Exiting due to channel error.
Exiting due to channel error.
1659780642606	geckodriver	INFO	Listening on 127.0.0.1:49901
1659780643775	mozrunner::runner	INFO	Running command: "/usr/bin/firefox" "--marionette" "-no-remote" "-profile" "/tmp/rust_mozprofilepyJsoc"
1659780645021	Marionette	INFO	Marionette enabled
console.warn: SearchSettings: "get: No settings file exists, new profile?" (new NotFoundError("Could not open the file at /tmp/rust_mozprofilepyJsoc/search.json.mozlz4", (void 0)))
1659780649755	Marionette	INFO	Listening on port 36275
1659780649865	RemoteAgent	WARN	TLS certificate errors will be ignored for this session
JavaScript error: resource://gre/modules/PartitioningExceptionListService.jsm, line 69: NS_ERROR_MALFORMED_URI: Component returned failure code: 0x804b000a (NS_ERROR_MALFORMED_URI) [nsIPartitioningExceptionListObserver.onExceptionListUpdate]
JavaScript error: http://truesecuritygps.net/Skins/DefaultIndex_EN/, line 396: TypeError: sel is null
JavaScript warning: http://truesecuritygps.net/js/underscore.js, line 750: unreachable code after return statement
JavaScript error: http://truesecuritygps.net/Skins/DefaultIndex_EN/, line 416: TypeError: $.browser is undefined
JavaScript error: http://truesecuritygps.net/Skins/DefaultIndex_EN/, line 416: TypeError: $.browser is undefined
JavaScript error: http://truesecuritygps.net/Skins/DefaultIndex_EN/, line 416: TypeError: $.browser is undefined
JavaScript error: http://truesecuritygps.net/Skins/DefaultIndex_EN/, line 416: TypeError: $.browser is undefined
JavaScript error: http://truesecuritygps.net/Skins/DefaultIndex_EN/, line 416: TypeError: $.browser is undefined
JavaScript error: http://truesecuritygps.net/Skins/DefaultIndex_EN/, line 416: TypeError: $.browser is undefined
JavaScript error: http://truesecuritygps.net/Skins/DefaultIndex_EN/, line 416: TypeError: $.browser is undefined
JavaScript error: http://truesecuritygps.net/Skins/DefaultIndex_EN/, line 416: TypeError: $.browser is undefined
JavaScript error: http://truesecuritygps.net/Skins/DefaultIndex_EN/, line 416: TypeError: $.browser is undefined
JavaScript error: http://truesecuritygps.net/Skins/DefaultIndex_EN/, line 416: TypeError: $.browser is undefined
JavaScript error: http://truesecuritygps.net/Skins/DefaultIndex_EN/, line 416: TypeError: $.browser is undefined
JavaScript error: http://truesecuritygps.net/Skins/DefaultIndex_EN/, line 416: TypeError: $.browser is undefined
JavaScript error: http://truesecuritygps.net/Skins/DefaultIndex_EN/, line 416: TypeError: $.browser is undefined
JavaScript error: http://truesecuritygps.net/Skins/DefaultIndex_EN/, line 416: TypeError: $.browser is undefined
JavaScript error: http://truesecuritygps.net/Skins/DefaultIndex_EN/, line 416: TypeError: $.browser is undefined
JavaScript error: http://truesecuritygps.net/Skins/DefaultIndex_EN/, line 416: TypeError: $.browser is undefined
JavaScript error: http://truesecuritygps.net/Skins/DefaultIndex_EN/, line 416: TypeError: $.browser is undefined
JavaScript error: http://truesecuritygps.net/Skins/DefaultIndex_EN/, line 416: TypeError: $.browser is undefined
JavaScript error: http://truesecuritygps.net/Skins/DefaultIndex_EN/, line 416: TypeError: $.browser is undefined
JavaScript error: http://truesecuritygps.net/Skins/DefaultIndex_EN/, line 416: TypeError: $.browser is undefined
JavaScript error: http://truesecuritygps.net/Skins/DefaultIndex_EN/, line 416: TypeError: $.browser is undefined
JavaScript error: http://truesecuritygps.net/Skins/DefaultIndex_EN/, line 416: TypeError: $.browser is undefined
JavaScript error: http://truesecuritygps.net/Skins/DefaultIndex_EN/, line 416: TypeError: $.browser is undefined
JavaScript error: http://truesecuritygps.net/Skins/DefaultIndex_EN/, line 416: TypeError: $.browser is undefined
JavaScript error: http://truesecuritygps.net/Skins/DefaultIndex_EN/, line 416: TypeError: $.browser is undefined
JavaScript error: http://truesecuritygps.net/Skins/DefaultIndex_EN/, line 416: TypeError: $.browser is undefined
1659780677941	Marionette	WARN	Ignoring event 'DOMContentLoaded' because document has an invalid readyState of 'complete'.
1659780678775	Marionette	WARN	Ignoring event 'DOMContentLoaded' because document has an invalid readyState of 'complete'.
JavaScript warning: http://truesecuritygps.net/js/underscore.js?v=2022.07.133.66996.008, line 750: unreachable code after return statement
JavaScript warning: http://truesecuritygps.net/js/underscore.js?v=2022.07.133.66996.008, line 750: unreachable code after return statement
JavaScript warning: http://truesecuritygps.net/js/underscore.js?v=2022.07.133.66996.008, line 750: unreachable code after return statement
Exiting due to channel error.
Exiting due to channel error.
Exiting due to channel error.
1659781141266	geckodriver	INFO	Listening on 127.0.0.1:32821
1659781142501	mozrunner::runner	INFO	Running command: "/usr/bin/firefox" "--marionette" "-no-remote" "-profile" "/tmp/rust_mozprofilezcQfhY"
1659781143901	Marionette	INFO	Marionette enabled
console.warn: SearchSettings: "get: No settings file exists, new profile?" (new NotFoundError("Could not open the file at /tmp/rust_mozprofilezcQfhY/search.json.mozlz4", (void 0)))
1659781147903	Marionette	INFO	Listening on port 43603
1659781147970	RemoteAgent	WARN	TLS certificate errors will be ignored for this session
JavaScript error: resource://gre/modules/PartitioningExceptionListService.jsm, line 69: NS_ERROR_MALFORMED_URI: Component returned failure code: 0x804b000a (NS_ERROR_MALFORMED_URI) [nsIPartitioningExceptionListObserver.onExceptionListUpdate]
JavaScript error: http://truesecuritygps.net/Skins/DefaultIndex_EN/, line 396: TypeError: sel is null
JavaScript warning: http://truesecuritygps.net/js/underscore.js, line 750: unreachable code after return statement
JavaScript error: http://truesecuritygps.net/Skins/DefaultIndex_EN/, line 416: TypeError: $.browser is undefined
JavaScript error: http://truesecuritygps.net/Skins/DefaultIndex_EN/, line 416: TypeError: $.browser is undefined
JavaScript error: http://truesecuritygps.net/Skins/DefaultIndex_EN/, line 416: TypeError: $.browser is undefined
JavaScript error: http://truesecuritygps.net/Skins/DefaultIndex_EN/, line 416: TypeError: $.browser is undefined
JavaScript error: http://truesecuritygps.net/Skins/DefaultIndex_EN/, line 416: TypeError: $.browser is undefined
JavaScript error: http://truesecuritygps.net/Skins/DefaultIndex_EN/, line 416: TypeError: $.browser is undefined
JavaScript error: http://truesecuritygps.net/Skins/DefaultIndex_EN/, line 416: TypeError: $.browser is undefined
JavaScript error: http://truesecuritygps.net/Skins/DefaultIndex_EN/, line 416: TypeError: $.browser is undefined
JavaScript error: http://truesecuritygps.net/Skins/DefaultIndex_EN/, line 416: TypeError: $.browser is undefined
JavaScript error: http://truesecuritygps.net/Skins/DefaultIndex_EN/, line 416: TypeError: $.browser is undefined
JavaScript error: http://truesecuritygps.net/Skins/DefaultIndex_EN/, line 416: TypeError: $.browser is undefined
JavaScript error: http://truesecuritygps.net/Skins/DefaultIndex_EN/, line 416: TypeError: $.browser is undefined
JavaScript error: http://truesecuritygps.net/Skins/DefaultIndex_EN/, line 416: TypeError: $.browser is undefined
JavaScript error: http://truesecuritygps.net/Skins/DefaultIndex_EN/, line 416: TypeError: $.browser is undefined
JavaScript error: http://truesecuritygps.net/Skins/DefaultIndex_EN/, line 416: TypeError: $.browser is undefined
JavaScript error: http://truesecuritygps.net/Skins/DefaultIndex_EN/, line 416: TypeError: $.browser is undefined
JavaScript error: http://truesecuritygps.net/Skins/DefaultIndex_EN/, line 416: TypeError: $.browser is undefined
JavaScript error: http://truesecuritygps.net/Skins/DefaultIndex_EN/, line 416: TypeError: $.browser is undefined
JavaScript error: http://truesecuritygps.net/Skins/DefaultIndex_EN/, line 416: TypeError: $.browser is undefined
JavaScript error: http://truesecuritygps.net/Skins/DefaultIndex_EN/, line 416: TypeError: $.browser is undefined
JavaScript error: http://truesecuritygps.net/Skins/DefaultIndex_EN/, line 416: TypeError: $.browser is undefined
JavaScript error: http://truesecuritygps.net/Skins/DefaultIndex_EN/, line 416: TypeError: $.browser is undefined
JavaScript error: http://truesecuritygps.net/Skins/DefaultIndex_EN/, line 416: TypeError: $.browser is undefined
JavaScript error: http://truesecuritygps.net/Skins/DefaultIndex_EN/, line 416: TypeError: $.browser is undefined
JavaScript error: http://truesecuritygps.net/Skins/DefaultIndex_EN/, line 416: TypeError: $.browser is undefined
JavaScript error: http://truesecuritygps.net/Skins/DefaultIndex_EN/, line 416: TypeError: $.browser is undefined
1659781167670	Marionette	WARN	Ignoring event 'DOMContentLoaded' because document has an invalid readyState of 'complete'.
1659781168250	Marionette	WARN	Ignoring event 'DOMContentLoaded' because document has an invalid readyState of 'complete'.
JavaScript warning: http://truesecuritygps.net/js/underscore.js?v=2022.07.133.66996.008, line 750: unreachable code after return statement
JavaScript warning: http://truesecuritygps.net/js/underscore.js?v=2022.07.133.66996.008, line 750: unreachable code after return statement
JavaScript warning: http://truesecuritygps.net/js/underscore.js?v=2022.07.133.66996.008, line 750: unreachable code after return statement
Exiting due to channel error.
Exiting due to channel error.
Exiting due to channel error.
1659781484031	geckodriver	INFO	Listening on 127.0.0.1:59777
1659781484226	mozrunner::runner	INFO	Running command: "/usr/bin/firefox" "--marionette" "-no-remote" "-profile" "/tmp/rust_mozprofileaxVc08"
1659781485418	Marionette	INFO	Marionette enabled
console.warn: SearchSettings: "get: No settings file exists, new profile?" (new NotFoundError("Could not open the file at /tmp/rust_mozprofileaxVc08/search.json.mozlz4", (void 0)))
1659781489754	Marionette	INFO	Listening on port 43759
1659781489881	RemoteAgent	WARN	TLS certificate errors will be ignored for this session
JavaScript error: resource://gre/modules/PartitioningExceptionListService.jsm, line 69: NS_ERROR_MALFORMED_URI: Component returned failure code: 0x804b000a (NS_ERROR_MALFORMED_URI) [nsIPartitioningExceptionListObserver.onExceptionListUpdate]
JavaScript error: http://truesecuritygps.net/Skins/DefaultIndex_EN/, line 396: TypeError: sel is null
JavaScript warning: http://truesecuritygps.net/js/underscore.js, line 750: unreachable code after return statement
JavaScript error: http://truesecuritygps.net/Skins/DefaultIndex_EN/, line 416: TypeError: $.browser is undefined
JavaScript error: http://truesecuritygps.net/Skins/DefaultIndex_EN/, line 416: TypeError: $.browser is undefined
JavaScript error: http://truesecuritygps.net/Skins/DefaultIndex_EN/, line 416: TypeError: $.browser is undefined
JavaScript error: http://truesecuritygps.net/Skins/DefaultIndex_EN/, line 416: TypeError: $.browser is undefined
JavaScript error: http://truesecuritygps.net/Skins/DefaultIndex_EN/, line 416: TypeError: $.browser is undefined
JavaScript error: http://truesecuritygps.net/Skins/DefaultIndex_EN/, line 416: TypeError: $.browser is undefined
JavaScript error: http://truesecuritygps.net/Skins/DefaultIndex_EN/, line 416: TypeError: $.browser is undefined
JavaScript error: http://truesecuritygps.net/Skins/DefaultIndex_EN/, line 416: TypeError: $.browser is undefined
JavaScript error: http://truesecuritygps.net/Skins/DefaultIndex_EN/, line 416: TypeError: $.browser is undefined
JavaScript error: http://truesecuritygps.net/Skins/DefaultIndex_EN/, line 416: TypeError: $.browser is undefined
JavaScript error: http://truesecuritygps.net/Skins/DefaultIndex_EN/, line 416: TypeError: $.browser is undefined
JavaScript error: http://truesecuritygps.net/Skins/DefaultIndex_EN/, line 416: TypeError: $.browser is undefined
JavaScript error: http://truesecuritygps.net/Skins/DefaultIndex_EN/, line 416: TypeError: $.browser is undefined
JavaScript error: http://truesecuritygps.net/Skins/DefaultIndex_EN/, line 416: TypeError: $.browser is undefined
JavaScript error: http://truesecuritygps.net/Skins/DefaultIndex_EN/, line 416: TypeError: $.browser is undefined
JavaScript error: http://truesecuritygps.net/Skins/DefaultIndex_EN/, line 416: TypeError: $.browser is undefined
JavaScript error: http://truesecuritygps.net/Skins/DefaultIndex_EN/, line 416: TypeError: $.browser is undefined
JavaScript error: http://truesecuritygps.net/Skins/DefaultIndex_EN/, line 416: TypeError: $.browser is undefined
JavaScript error: http://truesecuritygps.net/Skins/DefaultIndex_EN/, line 416: TypeError: $.browser is undefined
JavaScript error: http://truesecuritygps.net/Skins/DefaultIndex_EN/, line 416: TypeError: $.browser is undefined
JavaScript error: http://truesecuritygps.net/Skins/DefaultIndex_EN/, line 416: TypeError: $.browser is undefined
JavaScript error: http://truesecuritygps.net/Skins/DefaultIndex_EN/, line 416: TypeError: $.browser is undefined
JavaScript error: http://truesecuritygps.net/Skins/DefaultIndex_EN/, line 416: TypeError: $.browser is undefined
JavaScript error: http://truesecuritygps.net/Skins/DefaultIndex_EN/, line 416: TypeError: $.browser is undefined
JavaScript error: http://truesecuritygps.net/Skins/DefaultIndex_EN/, line 416: TypeError: $.browser is undefined
JavaScript error: http://truesecuritygps.net/Skins/DefaultIndex_EN/, line 416: TypeError: $.browser is undefined
1659781511521	Marionette	WARN	Ignoring event 'DOMContentLoaded' because document has an invalid readyState of 'complete'.
1659781512099	Marionette	WARN	Ignoring event 'DOMContentLoaded' because document has an invalid readyState of 'complete'.
JavaScript warning: http://truesecuritygps.net/js/underscore.js?v=2022.07.133.66996.008, line 750: unreachable code after return statement
JavaScript warning: http://truesecuritygps.net/js/underscore.js?v=2022.07.133.66996.008, line 750: unreachable code after return statement
JavaScript warning: http://truesecuritygps.net/js/underscore.js?v=2022.07.133.66996.008, line 750: unreachable code after return statement
Exiting due to channel error.
Exiting due to channel error.
Exiting due to channel error.
1659782388350	geckodriver	INFO	Listening on 127.0.0.1:41315
1659782389551	mozrunner::runner	INFO	Running command: "/usr/bin/firefox" "--marionette" "-no-remote" "-profile" "/tmp/rust_mozprofilePaz9Ut"
1659782390866	Marionette	INFO	Marionette enabled
console.warn: SearchSettings: "get: No settings file exists, new profile?" (new NotFoundError("Could not open the file at /tmp/rust_mozprofilePaz9Ut/search.json.mozlz4", (void 0)))
1659782395265	Marionette	INFO	Listening on port 37907
1659782395335	RemoteAgent	WARN	TLS certificate errors will be ignored for this session
JavaScript error: resource://gre/modules/PartitioningExceptionListService.jsm, line 69: NS_ERROR_MALFORMED_URI: Component returned failure code: 0x804b000a (NS_ERROR_MALFORMED_URI) [nsIPartitioningExceptionListObserver.onExceptionListUpdate]
JavaScript error: http://truesecuritygps.net/Skins/DefaultIndex_EN/, line 396: TypeError: sel is null
JavaScript warning: http://truesecuritygps.net/js/underscore.js, line 750: unreachable code after return statement
JavaScript error: http://truesecuritygps.net/Skins/DefaultIndex_EN/, line 416: TypeError: $.browser is undefined
JavaScript error: http://truesecuritygps.net/Skins/DefaultIndex_EN/, line 416: TypeError: $.browser is undefined
JavaScript error: http://truesecuritygps.net/Skins/DefaultIndex_EN/, line 416: TypeError: $.browser is undefined
JavaScript error: http://truesecuritygps.net/Skins/DefaultIndex_EN/, line 416: TypeError: $.browser is undefined
JavaScript error: http://truesecuritygps.net/Skins/DefaultIndex_EN/, line 416: TypeError: $.browser is undefined
JavaScript error: http://truesecuritygps.net/Skins/DefaultIndex_EN/, line 416: TypeError: $.browser is undefined
JavaScript error: http://truesecuritygps.net/Skins/DefaultIndex_EN/, line 416: TypeError: $.browser is undefined
JavaScript error: http://truesecuritygps.net/Skins/DefaultIndex_EN/, line 416: TypeError: $.browser is undefined
JavaScript error: http://truesecuritygps.net/Skins/DefaultIndex_EN/, line 416: TypeError: $.browser is undefined
JavaScript error: http://truesecuritygps.net/Skins/DefaultIndex_EN/, line 416: TypeError: $.browser is undefined
JavaScript error: http://truesecuritygps.net/Skins/DefaultIndex_EN/, line 416: TypeError: $.browser is undefined
JavaScript error: http://truesecuritygps.net/Skins/DefaultIndex_EN/, line 416: TypeError: $.browser is undefined
JavaScript error: http://truesecuritygps.net/Skins/DefaultIndex_EN/, line 416: TypeError: $.browser is undefined
JavaScript error: http://truesecuritygps.net/Skins/DefaultIndex_EN/, line 416: TypeError: $.browser is undefined
JavaScript error: http://truesecuritygps.net/Skins/DefaultIndex_EN/, line 416: TypeError: $.browser is undefined
JavaScript error: http://truesecuritygps.net/Skins/DefaultIndex_EN/, line 416: TypeError: $.browser is undefined
JavaScript error: http://truesecuritygps.net/Skins/DefaultIndex_EN/, line 416: TypeError: $.browser is undefined
JavaScript error: http://truesecuritygps.net/Skins/DefaultIndex_EN/, line 416: TypeError: $.browser is undefined
JavaScript error: http://truesecuritygps.net/Skins/DefaultIndex_EN/, line 416: TypeError: $.browser is undefined
JavaScript error: http://truesecuritygps.net/Skins/DefaultIndex_EN/, line 416: TypeError: $.browser is undefined
JavaScript error: http://truesecuritygps.net/Skins/DefaultIndex_EN/, line 416: TypeError: $.browser is undefined
JavaScript error: http://truesecuritygps.net/Skins/DefaultIndex_EN/, line 416: TypeError: $.browser is undefined
JavaScript error: http://truesecuritygps.net/Skins/DefaultIndex_EN/, line 416: TypeError: $.browser is undefined
JavaScript error: http://truesecuritygps.net/Skins/DefaultIndex_EN/, line 416: TypeError: $.browser is undefined
JavaScript error: http://truesecuritygps.net/Skins/DefaultIndex_EN/, line 416: TypeError: $.browser is undefined
JavaScript error: http://truesecuritygps.net/Skins/DefaultIndex_EN/, line 416: TypeError: $.browser is undefined
1659782409107	Marionette	WARN	Ignoring event 'DOMContentLoaded' because document has an invalid readyState of 'complete'.
1659782409691	Marionette	WARN	Ignoring event 'DOMContentLoaded' because document has an invalid readyState of 'complete'.
JavaScript warning: http://truesecuritygps.net/js/underscore.js?v=2022.07.133.66996.008, line 750: unreachable code after return statement
JavaScript warning: http://truesecuritygps.net/js/underscore.js?v=2022.07.133.66996.008, line 750: unreachable code after return statement
JavaScript warning: http://truesecuritygps.net/js/underscore.js?v=2022.07.133.66996.008, line 750: unreachable code after return statement
Exiting due to channel error.
Exiting due to channel error.
Exiting due to channel error.
1659782701782	geckodriver	INFO	Listening on 127.0.0.1:39757
1659782703025	mozrunner::runner	INFO	Running command: "/usr/bin/firefox" "--marionette" "-no-remote" "-profile" "/tmp/rust_mozprofileXJqkJk"
1659782704195	Marionette	INFO	Marionette enabled
console.warn: SearchSettings: "get: No settings file exists, new profile?" (new NotFoundError("Could not open the file at /tmp/rust_mozprofileXJqkJk/search.json.mozlz4", (void 0)))
1659782708710	Marionette	INFO	Listening on port 37081
1659782708803	RemoteAgent	WARN	TLS certificate errors will be ignored for this session
JavaScript error: resource://gre/modules/PartitioningExceptionListService.jsm, line 69: NS_ERROR_MALFORMED_URI: Component returned failure code: 0x804b000a (NS_ERROR_MALFORMED_URI) [nsIPartitioningExceptionListObserver.onExceptionListUpdate]
JavaScript error: http://truesecuritygps.net/Skins/DefaultIndex_EN/, line 396: TypeError: sel is null
JavaScript warning: http://truesecuritygps.net/js/underscore.js, line 750: unreachable code after return statement
JavaScript error: http://truesecuritygps.net/Skins/DefaultIndex_EN/, line 416: TypeError: $.browser is undefined
JavaScript error: http://truesecuritygps.net/Skins/DefaultIndex_EN/, line 416: TypeError: $.browser is undefined
JavaScript error: http://truesecuritygps.net/Skins/DefaultIndex_EN/, line 416: TypeError: $.browser is undefined
JavaScript error: http://truesecuritygps.net/Skins/DefaultIndex_EN/, line 416: TypeError: $.browser is undefined
JavaScript error: http://truesecuritygps.net/Skins/DefaultIndex_EN/, line 416: TypeError: $.browser is undefined
JavaScript error: http://truesecuritygps.net/Skins/DefaultIndex_EN/, line 416: TypeError: $.browser is undefined
JavaScript error: http://truesecuritygps.net/Skins/DefaultIndex_EN/, line 416: TypeError: $.browser is undefined
JavaScript error: http://truesecuritygps.net/Skins/DefaultIndex_EN/, line 416: TypeError: $.browser is undefined
JavaScript error: http://truesecuritygps.net/Skins/DefaultIndex_EN/, line 416: TypeError: $.browser is undefined
JavaScript error: http://truesecuritygps.net/Skins/DefaultIndex_EN/, line 416: TypeError: $.browser is undefined
JavaScript error: http://truesecuritygps.net/Skins/DefaultIndex_EN/, line 416: TypeError: $.browser is undefined
JavaScript error: http://truesecuritygps.net/Skins/DefaultIndex_EN/, line 416: TypeError: $.browser is undefined
JavaScript error: http://truesecuritygps.net/Skins/DefaultIndex_EN/, line 416: TypeError: $.browser is undefined
JavaScript error: http://truesecuritygps.net/Skins/DefaultIndex_EN/, line 416: TypeError: $.browser is undefined
JavaScript error: http://truesecuritygps.net/Skins/DefaultIndex_EN/, line 416: TypeError: $.browser is undefined
JavaScript error: http://truesecuritygps.net/Skins/DefaultIndex_EN/, line 416: TypeError: $.browser is undefined
JavaScript error: http://truesecuritygps.net/Skins/DefaultIndex_EN/, line 416: TypeError: $.browser is undefined
JavaScript error: http://truesecuritygps.net/Skins/DefaultIndex_EN/, line 416: TypeError: $.browser is undefined
JavaScript error: http://truesecuritygps.net/Skins/DefaultIndex_EN/, line 416: TypeError: $.browser is undefined
JavaScript error: http://truesecuritygps.net/Skins/DefaultIndex_EN/, line 416: TypeError: $.browser is undefined
JavaScript error: http://truesecuritygps.net/Skins/DefaultIndex_EN/, line 416: TypeError: $.browser is undefined
JavaScript error: http://truesecuritygps.net/Skins/DefaultIndex_EN/, line 416: TypeError: $.browser is undefined
JavaScript error: http://truesecuritygps.net/Skins/DefaultIndex_EN/, line 416: TypeError: $.browser is undefined
JavaScript error: http://truesecuritygps.net/Skins/DefaultIndex_EN/, line 416: TypeError: $.browser is undefined
JavaScript error: http://truesecuritygps.net/Skins/DefaultIndex_EN/, line 416: TypeError: $.browser is undefined
JavaScript error: http://truesecuritygps.net/Skins/DefaultIndex_EN/, line 416: TypeError: $.browser is undefined
1659782727293	Marionette	WARN	Ignoring event 'DOMContentLoaded' because document has an invalid readyState of 'complete'.
1659782728036	Marionette	WARN	Ignoring event 'DOMContentLoaded' because document has an invalid readyState of 'complete'.
JavaScript warning: http://truesecuritygps.net/js/underscore.js?v=2022.07.133.66996.008, line 750: unreachable code after return statement
JavaScript warning: http://truesecuritygps.net/js/underscore.js?v=2022.07.133.66996.008, line 750: unreachable code after return statement
JavaScript warning: http://truesecuritygps.net/js/underscore.js?v=2022.07.133.66996.008, line 750: unreachable code after return statement
Exiting due to channel error.
Exiting due to channel error.
Exiting due to channel error.
